2025-01-16 17:39:31.448 CST 开始巡检远程系统CPU使用率...
2025-01-16 17:39:31.761 CST 开始巡检远程内存使用率...
2025-01-16 17:39:31.918 CST 开始巡检远程磁盘IO使用率...
2025-01-16 17:39:35.510 CST 开始巡检远程文件系统使用情况...
2025-01-16 17:39:35.669 CST 开始巡检远程文件系统Inode使用情况...
2025-01-16 17:39:35.821 CST 开始获取非template数据库名称,TOP 10 数据库size...
2025-01-16 17:39:35.877 CST 开始查找索引数超过4并且SIZE大于10MB的表...
2025-01-16 17:39:35.946 CST 在数据库 test 中未查询到索引数超过4且SIZE大于10MB的表信息
2025-01-16 17:39:35.980 CST 开始获取非template数据库名称, 重复索引信息...
2025-01-16 17:39:36.009 CST 在数据库 test 中未检测到重复创建的索引信息
2025-01-16 17:39:36.023 CST 开始获取非template数据库名称,未使用或使用较少的索引信息...
2025-01-16 17:39:36.095 CST 在数据库 test 中未查询到上次巡检以来未使用或使用较少的索引信息
2025-01-16 17:39:36.134 CST 开始获取数据库统计信息...
2025-01-16 17:39:36.148 CST 开始检查数据库中索引膨胀情况...
2025-01-16 17:39:36.241 CST 开始检查数据库中垃圾数据情况...
2025-01-16 17:39:36.271 CST 在数据库 test 中未查询到垃圾数据相关信息
2025-01-16 17:39:36.285 CST 开始检查数据库年龄情况...
2025-01-16 17:39:36.299 CST 开始检查表年龄情况...
2025-01-16 17:39:36.347 CST 开始检查锁等待情况...
2025-01-16 17:39:36.361 CST 未查询到锁等待相关信息
2025-01-16 17:39:36.362 CST 开始检查密码泄露情况...
2025-01-16 17:39:36.411 CST 未查询到pg_user_mappings中密码泄露相关信息
2025-01-16 17:39:36.572 CST 未查询到pg_views中密码泄露相关信息
2025-01-16 17:39:36.575 CST 开始检查复制槽状态情况...
2025-01-16 17:39:36.589 CST 开始获取数据库中schema的统计情况...
2025-01-16 17:39:36.711 CST 开始获取数据库当前活跃度状态信息...
2025-01-16 17:39:36.726 CST 开始获取数据库连接相关信息...
2025-01-16 17:39:36.740 CST 开始获取数据库版本信息...
2025-01-16 17:39:36.750 CST 开始获取已安装插件的版本信息...
2025-01-16 17:39:36.790 CST 开始获取用户使用的数据类型统计信息...
2025-01-16 17:39:36.846 CST 开始获取用户创建的对象及数量信息...
2025-01-16 17:39:36.897 CST 开始获取用户对象占用空间的信息...
2025-01-16 17:39:36.952 CST 开始获取表空间使用情况信息...
2025-01-16 17:39:36.965 CST 开始获取数据库使用情况信息...
2025-01-16 17:39:36.981 CST 开始获取用户连接数限制相关信息...
2025-01-16 17:39:36.995 CST 开始获取数据库连接限制相关信息...
2025-01-16 17:39:37.008 CST 开始获取检查点、bgwriter统计信息...
2025-01-16 17:39:37.019 CST 开始获取长事务和2PC事务相关信息...
2025-01-16 17:39:37.043 CST 开始获取用户密码到期时间信息...
2025-01-16 17:39:37.060 CST 开始获取继承关系检查相关信息...
2025-01-16 17:39:37.093 CST 未查询到继承关系检查相关信息
2025-01-16 17:39:37.094 CST 开始获取是否开启归档、自动垃圾回收相关设置信息...
2025-01-16 17:39:37.108 CST 开始获取主备库角色信息...
2025-01-16 17:39:37.119 CST 开始获取备库信息...
2025-01-16 17:39:37.130 CST 未查询到备库信息相关信息
