2024-12-30 14:47:36.955 CST 开始巡检远程系统CPU使用率...
2024-12-30 14:47:37.345 CST 开始巡检远程内存使用率...
2024-12-30 14:47:37.502 CST 开始巡检远程磁盘IO使用率...
2024-12-30 14:47:41.069 CST 开始巡检远程文件系统使用情况...
2024-12-30 14:47:41.212 CST 开始巡检远程文件系统Inode使用情况...
2024-12-30 14:47:41.356 CST 开始获取非template数据库名称,TOP 10 数据库size...
2024-12-30 14:47:41.404 CST 开始查找索引数超过4并且SIZE大于10MB的表...
2024-12-30 14:47:41.474 CST 在数据库 test 中未查询到索引数超过4且SIZE大于10MB的表信息
2024-12-30 14:47:41.509 CST 开始获取非template数据库名称, 重复索引信息...
2024-12-30 14:47:41.538 CST 在数据库 test 中未检测到重复创建的索引信息
2024-12-30 14:47:41.551 CST 开始获取非template数据库名称,未使用或使用较少的索引信息...
2024-12-30 14:47:41.624 CST 在数据库 test 中未查询到上次巡检以来未使用或使用较少的索引信息
2024-12-30 14:47:41.659 CST 开始获取数据库统计信息...
2024-12-30 14:47:41.672 CST 开始检查数据库中索引膨胀情况...
2024-12-30 14:47:41.765 CST 开始检查数据库中垃圾数据情况...
2024-12-30 14:47:41.796 CST 在数据库 test 中未查询到垃圾数据相关信息
2024-12-30 14:47:41.810 CST 开始检查数据库年龄情况...
2024-12-30 14:47:41.821 CST 开始检查表年龄情况...
2024-12-30 14:47:41.863 CST 开始检查锁等待情况...
2024-12-30 14:47:41.876 CST 未查询到锁等待相关信息
2024-12-30 14:47:41.878 CST 开始检查密码泄露情况...
2024-12-30 14:47:41.927 CST 未查询到pg_user_mappings中密码泄露相关信息
2024-12-30 14:47:42.092 CST 未查询到pg_views中密码泄露相关信息
2024-12-30 14:47:42.094 CST 开始检查复制槽状态情况...
2024-12-30 14:47:42.107 CST 开始获取数据库中schema的统计情况...
2024-12-30 14:47:42.215 CST 开始获取数据库当前活跃度状态信息...
2024-12-30 14:47:42.227 CST 开始获取数据库连接相关信息...
2024-12-30 14:47:42.242 CST 开始获取数据库版本信息...
2024-12-30 14:47:42.251 CST 开始获取已安装插件的版本信息...
2024-12-30 14:47:42.293 CST 开始获取用户使用的数据类型统计信息...
2024-12-30 14:47:42.335 CST 开始获取用户创建的对象及数量信息...
2024-12-30 14:47:42.376 CST 开始获取用户对象占用空间的信息...
2024-12-30 14:47:42.429 CST 开始获取表空间使用情况信息...
2024-12-30 14:47:42.442 CST 开始获取数据库使用情况信息...
2024-12-30 14:47:42.454 CST 开始获取用户连接数限制相关信息...
2024-12-30 14:47:42.467 CST 开始获取数据库连接限制相关信息...
2024-12-30 14:47:42.481 CST 开始获取检查点、bgwriter统计信息...
2024-12-30 14:47:42.492 CST 开始获取长事务和2PC事务相关信息...
2024-12-30 14:47:42.516 CST 开始获取用户密码到期时间信息...
2024-12-30 14:47:42.528 CST 开始获取继承关系检查相关信息...
2024-12-30 14:47:42.564 CST 开始获取是否开启归档、自动垃圾回收相关设置信息...
2024-12-30 14:47:42.577 CST 开始获取主备库角色信息...
2024-12-30 14:47:42.587 CST 开始获取备库信息...
2024-12-30 14:47:42.598 CST 未查询到备库信息相关信息
