2025-01-16 17:29:54.682 CST 开始巡检远程系统CPU使用率...
2025-01-16 17:29:54.997 CST 开始巡检远程内存使用率...
2025-01-16 17:29:55.146 CST 开始巡检远程磁盘IO使用率...
2025-01-16 17:29:58.740 CST 开始巡检远程文件系统使用情况...
2025-01-16 17:29:58.903 CST 开始巡检远程文件系统Inode使用情况...
2025-01-16 17:29:59.056 CST 开始获取非template数据库名称,TOP 10 数据库size...
2025-01-16 17:29:59.112 CST 开始查找索引数超过4并且SIZE大于10MB的表...
2025-01-16 17:29:59.180 CST 在数据库 test 中未查询到索引数超过4且SIZE大于10MB的表信息
2025-01-16 17:29:59.216 CST 开始获取非template数据库名称, 重复索引信息...
2025-01-16 17:29:59.245 CST 在数据库 test 中未检测到重复创建的索引信息
2025-01-16 17:29:59.260 CST 开始获取非template数据库名称,未使用或使用较少的索引信息...
2025-01-16 17:29:59.332 CST 在数据库 test 中未查询到上次巡检以来未使用或使用较少的索引信息
2025-01-16 17:29:59.367 CST 开始获取数据库统计信息...
2025-01-16 17:29:59.382 CST 开始检查数据库中索引膨胀情况...
2025-01-16 17:29:59.476 CST 开始检查数据库中垃圾数据情况...
2025-01-16 17:29:59.507 CST 在数据库 test 中未查询到垃圾数据相关信息
2025-01-16 17:29:59.522 CST 开始检查数据库年龄情况...
2025-01-16 17:29:59.536 CST 开始检查表年龄情况...
2025-01-16 17:29:59.585 CST 开始检查锁等待情况...
2025-01-16 17:29:59.598 CST 未查询到锁等待相关信息
2025-01-16 17:29:59.599 CST 开始检查密码泄露情况...
2025-01-16 17:29:59.646 CST 未查询到pg_user_mappings中密码泄露相关信息
2025-01-16 17:29:59.809 CST 未查询到pg_views中密码泄露相关信息
2025-01-16 17:29:59.812 CST 开始检查复制槽状态情况...
2025-01-16 17:29:59.824 CST 开始获取数据库中schema的统计情况...
2025-01-16 17:29:59.944 CST 开始获取数据库当前活跃度状态信息...
2025-01-16 17:29:59.959 CST 开始获取数据库连接相关信息...
2025-01-16 17:29:59.973 CST 开始获取数据库版本信息...
2025-01-16 17:29:59.984 CST 开始获取已安装插件的版本信息...
2025-01-16 17:30:00.025 CST 开始获取用户使用的数据类型统计信息...
2025-01-16 17:30:00.081 CST 开始获取用户创建的对象及数量信息...
2025-01-16 17:30:00.133 CST 开始获取用户对象占用空间的信息...
2025-01-16 17:30:00.187 CST 开始获取表空间使用情况信息...
2025-01-16 17:30:00.202 CST 开始获取数据库使用情况信息...
2025-01-16 17:30:00.218 CST 开始获取用户连接数限制相关信息...
2025-01-16 17:30:00.232 CST 开始获取数据库连接限制相关信息...
2025-01-16 17:30:00.245 CST 开始获取检查点、bgwriter统计信息...
2025-01-16 17:30:00.257 CST 开始获取长事务和2PC事务相关信息...
2025-01-16 17:30:00.282 CST 开始获取用户密码到期时间信息...
2025-01-16 17:30:00.297 CST 开始获取继承关系检查相关信息...
2025-01-16 17:30:00.331 CST 未查询到继承关系检查相关信息
2025-01-16 17:30:00.333 CST 开始获取是否开启归档、自动垃圾回收相关设置信息...
2025-01-16 17:30:00.348 CST 开始获取主备库角色信息...
2025-01-16 17:30:00.358 CST 开始获取备库信息...
2025-01-16 17:30:00.370 CST 未查询到备库信息相关信息
